05-Jul-21 | 21:58:53 - root - [ logger created. ]
05-Jul-21 | 21:58:53 - root - [ loading libraries. ]
05-Jul-21 | 21:58:54 - numexpr.utils - [ NumExpr defaulting to 8 threads. ]
05-Jul-21 | 21:58:56 - root - [ loading libraries complete. ]
05-Jul-21 | 21:58:56 - root - [ load data. ]
05-Jul-21 | 21:59:00 - root - [ AnnData object with n_obs × n_vars = 130887 × 25289
    obs: 'Library', 'Cell barcode', 'Time point', 'Starting population', 'Cell type annotation', 'Well', 'SPRING-x', 'SPRING-y', 'clonal_lineage'
    var: 'gene_id'
    obsm: 'clone_matrix' ]
05-Jul-21 | 21:59:00 - root - [ load data complete. ]
05-Jul-21 | 21:59:00 - root - [ Now processing library sFiV_d2_3 ]
05-Jul-21 | 21:59:00 - root - [ Unfiltered library data path: /home/mvinyard/data/raw/weinreb_2020/fastqs/raw_downloaded/sFiV_d2_3.sorted.fastq.gz.1 ]
05-Jul-21 | 22:16:36 - root - [ Filtering complete for library sFiV_d2_3 Filtered data path: /home/mvinyard/data/raw/weinreb_2020/fastqs/filtered/sFiV_d2_3.LARRY.filtered_on_final.fastq ]
05-Jul-21 | 22:16:36 - root - [ Now processing library d4_1_1 ]
05-Jul-21 | 22:16:36 - root - [ Unfiltered library data path: /home/mvinyard/data/raw/weinreb_2020/fastqs/raw_downloaded/d4_1_1.sorted.fastq.gz.1 ]
05-Jul-21 | 22:28:31 - root - [ Filtering complete for library d4_1_1 Filtered data path: /home/mvinyard/data/raw/weinreb_2020/fastqs/filtered/d4_1_1.LARRY.filtered_on_final.fastq ]
05-Jul-21 | 22:28:31 - root - [ Now processing library LSK_d6_2_1 ]
05-Jul-21 | 22:28:31 - root - [ Unfiltered library data path: /home/mvinyard/data/raw/weinreb_2020/fastqs/raw_downloaded/LSK_d6_2_1.sorted.fastq.gz.1 ]
05-Jul-21 | 22:36:37 - root - [ Filtering complete for library LSK_d6_2_1 Filtered data path: /home/mvinyard/data/raw/weinreb_2020/fastqs/filtered/LSK_d6_2_1.LARRY.filtered_on_final.fastq ]
05-Jul-21 | 22:36:37 - root - [ Now processing library LSK_d2_3 ]
05-Jul-21 | 22:36:37 - root - [ Unfiltered library data path: /home/mvinyard/data/raw/weinreb_2020/fastqs/raw_downloaded/LSK_d2_3.sorted.fastq.gz.1 ]
05-Jul-21 | 22:54:09 - root - [ Filtering complete for library LSK_d2_3 Filtered data path: /home/mvinyard/data/raw/weinreb_2020/fastqs/filtered/LSK_d2_3.LARRY.filtered_on_final.fastq ]
05-Jul-21 | 22:54:09 - root - [ Now processing library LSK_d6_1_1 ]
05-Jul-21 | 22:54:09 - root - [ Unfiltered library data path: /home/mvinyard/data/raw/weinreb_2020/fastqs/raw_downloaded/LSK_d6_1_1.sorted.fastq.gz.1 ]
05-Jul-21 | 23:04:01 - root - [ Filtering complete for library LSK_d6_1_1 Filtered data path: /home/mvinyard/data/raw/weinreb_2020/fastqs/filtered/LSK_d6_1_1.LARRY.filtered_on_final.fastq ]
05-Jul-21 | 23:04:01 - root - [ Now processing library d6_2_1 ]
05-Jul-21 | 23:04:01 - root - [ Unfiltered library data path: /home/mvinyard/data/raw/weinreb_2020/fastqs/raw_downloaded/d6_2_1.sorted.fastq.gz.1 ]
05-Jul-21 | 23:14:16 - root - [ Filtering complete for library d6_2_1 Filtered data path: /home/mvinyard/data/raw/weinreb_2020/fastqs/filtered/d6_2_1.LARRY.filtered_on_final.fastq ]
05-Jul-21 | 23:14:16 - root - [ Now processing library d6_2_2 ]
05-Jul-21 | 23:14:16 - root - [ Unfiltered library data path: /home/mvinyard/data/raw/weinreb_2020/fastqs/raw_downloaded/d6_2_2.sorted.fastq.gz.1 ]
05-Jul-21 | 23:23:05 - root - [ Filtering complete for library d6_2_2 Filtered data path: /home/mvinyard/data/raw/weinreb_2020/fastqs/filtered/d6_2_2.LARRY.filtered_on_final.fastq ]
05-Jul-21 | 23:23:05 - root - [ Now processing library LSK_d2_2 ]
05-Jul-21 | 23:23:05 - root - [ Unfiltered library data path: /home/mvinyard/data/raw/weinreb_2020/fastqs/raw_downloaded/LSK_d2_2.sorted.fastq.gz.1 ]
05-Jul-21 | 23:41:41 - root - [ Filtering complete for library LSK_d2_2 Filtered data path: /home/mvinyard/data/raw/weinreb_2020/fastqs/filtered/LSK_d2_2.LARRY.filtered_on_final.fastq ]
05-Jul-21 | 23:41:41 - root - [ Now processing library LK_d2 ]
05-Jul-21 | 23:41:41 - root - [ Unfiltered library data path: /home/mvinyard/data/raw/weinreb_2020/fastqs/raw_downloaded/LK_d2.sorted.fastq.gz.1 ]
05-Jul-21 | 23:52:36 - root - [ Filtering complete for library LK_d2 Filtered data path: /home/mvinyard/data/raw/weinreb_2020/fastqs/filtered/LK_d2.LARRY.filtered_on_final.fastq ]
05-Jul-21 | 23:52:36 - root - [ Now processing library LSK_d4_1_3 ]
05-Jul-21 | 23:52:36 - root - [ Unfiltered library data path: /home/mvinyard/data/raw/weinreb_2020/fastqs/raw_downloaded/LSK_d4_1_3.sorted.fastq.gz.1 ]
06-Jul-21 | 00:02:14 - root - [ Filtering complete for library LSK_d4_1_3 Filtered data path: /home/mvinyard/data/raw/weinreb_2020/fastqs/filtered/LSK_d4_1_3.LARRY.filtered_on_final.fastq ]
06-Jul-21 | 00:02:14 - root - [ Now processing library LSK_d4_2_3 ]
06-Jul-21 | 00:02:14 - root - [ Unfiltered library data path: /home/mvinyard/data/raw/weinreb_2020/fastqs/raw_downloaded/LSK_d4_2_3.sorted.fastq.gz.1 ]
06-Jul-21 | 00:11:19 - root - [ Filtering complete for library LSK_d4_2_3 Filtered data path: /home/mvinyard/data/raw/weinreb_2020/fastqs/filtered/LSK_d4_2_3.LARRY.filtered_on_final.fastq ]
06-Jul-21 | 00:11:19 - root - [ Now processing library LK_d4_1 ]
06-Jul-21 | 00:11:19 - root - [ Unfiltered library data path: /home/mvinyard/data/raw/weinreb_2020/fastqs/raw_downloaded/LK_d4_1.sorted.fastq.gz.1 ]
06-Jul-21 | 00:19:49 - root - [ Filtering complete for library LK_d4_1 Filtered data path: /home/mvinyard/data/raw/weinreb_2020/fastqs/filtered/LK_d4_1.LARRY.filtered_on_final.fastq ]
06-Jul-21 | 00:19:49 - root - [ Now processing library LSK_d4_1_2 ]
06-Jul-21 | 00:19:49 - root - [ Unfiltered library data path: /home/mvinyard/data/raw/weinreb_2020/fastqs/raw_downloaded/LSK_d4_1_2.sorted.fastq.gz.1 ]
06-Jul-21 | 00:29:12 - root - [ Filtering complete for library LSK_d4_1_2 Filtered data path: /home/mvinyard/data/raw/weinreb_2020/fastqs/filtered/LSK_d4_1_2.LARRY.filtered_on_final.fastq ]
06-Jul-21 | 00:29:12 - root - [ Now processing library LSK_d2_1 ]
06-Jul-21 | 00:29:12 - root - [ Unfiltered library data path: /home/mvinyard/data/raw/weinreb_2020/fastqs/raw_downloaded/LSK_d2_1.sorted.fastq.gz.1 ]
06-Jul-21 | 00:42:11 - root - [ Filtering complete for library LSK_d2_1 Filtered data path: /home/mvinyard/data/raw/weinreb_2020/fastqs/filtered/LSK_d2_1.LARRY.filtered_on_final.fastq ]
06-Jul-21 | 00:42:11 - root - [ Now processing library LK_d4_2 ]
06-Jul-21 | 00:42:11 - root - [ Unfiltered library data path: /home/mvinyard/data/raw/weinreb_2020/fastqs/raw_downloaded/LK_d4_2.sorted.fastq.gz.1 ]
06-Jul-21 | 00:49:44 - root - [ Filtering complete for library LK_d4_2 Filtered data path: /home/mvinyard/data/raw/weinreb_2020/fastqs/filtered/LK_d4_2.LARRY.filtered_on_final.fastq ]
06-Jul-21 | 00:49:44 - root - [ Now processing library LSK_d6_2_3 ]
06-Jul-21 | 00:49:44 - root - [ Unfiltered library data path: /home/mvinyard/data/raw/weinreb_2020/fastqs/raw_downloaded/LSK_d6_2_3.sorted.fastq.gz.1 ]
06-Jul-21 | 00:58:01 - root - [ Filtering complete for library LSK_d6_2_3 Filtered data path: /home/mvinyard/data/raw/weinreb_2020/fastqs/filtered/LSK_d6_2_3.LARRY.filtered_on_final.fastq ]
06-Jul-21 | 00:58:01 - root - [ Now processing library LSK_d4_2_2 ]
06-Jul-21 | 00:58:01 - root - [ Unfiltered library data path: /home/mvinyard/data/raw/weinreb_2020/fastqs/raw_downloaded/LSK_d4_2_2.sorted.fastq.gz.1 ]
06-Jul-21 | 01:06:48 - root - [ Filtering complete for library LSK_d4_2_2 Filtered data path: /home/mvinyard/data/raw/weinreb_2020/fastqs/filtered/LSK_d4_2_2.LARRY.filtered_on_final.fastq ]
06-Jul-21 | 01:06:48 - root - [ Now processing library LSK_d6_2_2 ]
06-Jul-21 | 01:06:48 - root - [ Unfiltered library data path: /home/mvinyard/data/raw/weinreb_2020/fastqs/raw_downloaded/LSK_d6_2_2.sorted.fastq.gz.1 ]
06-Jul-21 | 01:15:19 - root - [ Filtering complete for library LSK_d6_2_2 Filtered data path: /home/mvinyard/data/raw/weinreb_2020/fastqs/filtered/LSK_d6_2_2.LARRY.filtered_on_final.fastq ]
06-Jul-21 | 01:15:19 - root - [ Now processing library LSK_d6_1_2 ]
06-Jul-21 | 01:15:19 - root - [ Unfiltered library data path: /home/mvinyard/data/raw/weinreb_2020/fastqs/raw_downloaded/LSK_d6_1_2.sorted.fastq.gz.1 ]
06-Jul-21 | 01:25:21 - root - [ Filtering complete for library LSK_d6_1_2 Filtered data path: /home/mvinyard/data/raw/weinreb_2020/fastqs/filtered/LSK_d6_1_2.LARRY.filtered_on_final.fastq ]
06-Jul-21 | 01:25:21 - root - [ Now processing library d4_2_4 ]
06-Jul-21 | 01:25:21 - root - [ Unfiltered library data path: /home/mvinyard/data/raw/weinreb_2020/fastqs/raw_downloaded/d4_2_4.sorted.fastq.gz.1 ]
06-Jul-21 | 01:34:26 - root - [ Filtering complete for library d4_2_4 Filtered data path: /home/mvinyard/data/raw/weinreb_2020/fastqs/filtered/d4_2_4.LARRY.filtered_on_final.fastq ]
06-Jul-21 | 01:34:26 - root - [ Now processing library LSK_d4_2_1 ]
06-Jul-21 | 01:34:26 - root - [ Unfiltered library data path: /home/mvinyard/data/raw/weinreb_2020/fastqs/raw_downloaded/LSK_d4_2_1.sorted.fastq.gz.1 ]
06-Jul-21 | 01:42:09 - root - [ Filtering complete for library LSK_d4_2_1 Filtered data path: /home/mvinyard/data/raw/weinreb_2020/fastqs/filtered/LSK_d4_2_1.LARRY.filtered_on_final.fastq ]
06-Jul-21 | 01:42:09 - root - [ Now processing library sFiV_d2_2 ]
06-Jul-21 | 01:42:09 - root - [ Unfiltered library data path: /home/mvinyard/data/raw/weinreb_2020/fastqs/raw_downloaded/sFiV_d2_2.sorted.fastq.gz.1 ]
06-Jul-21 | 01:59:19 - root - [ Filtering complete for library sFiV_d2_2 Filtered data path: /home/mvinyard/data/raw/weinreb_2020/fastqs/filtered/sFiV_d2_2.LARRY.filtered_on_final.fastq ]
06-Jul-21 | 01:59:19 - root - [ Now processing library d4_2_2 ]
06-Jul-21 | 01:59:19 - root - [ Unfiltered library data path: /home/mvinyard/data/raw/weinreb_2020/fastqs/raw_downloaded/d4_2_2.sorted.fastq.gz.1 ]
06-Jul-21 | 02:08:22 - root - [ Filtering complete for library d4_2_2 Filtered data path: /home/mvinyard/data/raw/weinreb_2020/fastqs/filtered/d4_2_2.LARRY.filtered_on_final.fastq ]
06-Jul-21 | 02:08:22 - root - [ Now processing library LSK_d4_1_1 ]
06-Jul-21 | 02:08:22 - root - [ Unfiltered library data path: /home/mvinyard/data/raw/weinreb_2020/fastqs/raw_downloaded/LSK_d4_1_1.sorted.fastq.gz.1 ]
06-Jul-21 | 02:17:37 - root - [ Filtering complete for library LSK_d4_1_1 Filtered data path: /home/mvinyard/data/raw/weinreb_2020/fastqs/filtered/LSK_d4_1_1.LARRY.filtered_on_final.fastq ]
06-Jul-21 | 02:17:37 - root - [ Now processing library d4_1_2 ]
06-Jul-21 | 02:17:37 - root - [ Unfiltered library data path: /home/mvinyard/data/raw/weinreb_2020/fastqs/raw_downloaded/d4_1_2.sorted.fastq.gz.1 ]
06-Jul-21 | 02:26:11 - root - [ Filtering complete for library d4_1_2 Filtered data path: /home/mvinyard/data/raw/weinreb_2020/fastqs/filtered/d4_1_2.LARRY.filtered_on_final.fastq ]
06-Jul-21 | 02:26:11 - root - [ Now processing library LK_d6_2_1 ]
06-Jul-21 | 02:26:11 - root - [ Unfiltered library data path: /home/mvinyard/data/raw/weinreb_2020/fastqs/raw_downloaded/LK_d6_2_1.sorted.fastq.gz.1 ]
06-Jul-21 | 02:34:55 - root - [ Filtering complete for library LK_d6_2_1 Filtered data path: /home/mvinyard/data/raw/weinreb_2020/fastqs/filtered/LK_d6_2_1.LARRY.filtered_on_final.fastq ]
06-Jul-21 | 02:34:55 - root - [ Now processing library d6_1_2 ]
06-Jul-21 | 02:34:55 - root - [ Unfiltered library data path: /home/mvinyard/data/raw/weinreb_2020/fastqs/raw_downloaded/d6_1_2.sorted.fastq.gz.1 ]
06-Jul-21 | 02:44:14 - root - [ Filtering complete for library d6_1_2 Filtered data path: /home/mvinyard/data/raw/weinreb_2020/fastqs/filtered/d6_1_2.LARRY.filtered_on_final.fastq ]
06-Jul-21 | 02:44:14 - root - [ Now processing library LK_d6_1_2 ]
06-Jul-21 | 02:44:14 - root - [ Unfiltered library data path: /home/mvinyard/data/raw/weinreb_2020/fastqs/raw_downloaded/LK_d6_1_2.sorted.fastq.gz.1 ]
06-Jul-21 | 02:54:54 - root - [ Filtering complete for library LK_d6_1_2 Filtered data path: /home/mvinyard/data/raw/weinreb_2020/fastqs/filtered/LK_d6_1_2.LARRY.filtered_on_final.fastq ]
06-Jul-21 | 02:54:54 - root - [ Now processing library LSK_d6_1_3 ]
06-Jul-21 | 02:54:54 - root - [ Unfiltered library data path: /home/mvinyard/data/raw/weinreb_2020/fastqs/raw_downloaded/LSK_d6_1_3.sorted.fastq.gz.1 ]
06-Jul-21 | 03:06:17 - root - [ Filtering complete for library LSK_d6_1_3 Filtered data path: /home/mvinyard/data/raw/weinreb_2020/fastqs/filtered/LSK_d6_1_3.LARRY.filtered_on_final.fastq ]
06-Jul-21 | 03:06:17 - root - [ Now processing library d6_2_3 ]
06-Jul-21 | 03:06:17 - root - [ Unfiltered library data path: /home/mvinyard/data/raw/weinreb_2020/fastqs/raw_downloaded/d6_2_3.sorted.fastq.gz.1 ]
06-Jul-21 | 03:13:55 - root - [ Filtering complete for library d6_2_3 Filtered data path: /home/mvinyard/data/raw/weinreb_2020/fastqs/filtered/d6_2_3.LARRY.filtered_on_final.fastq ]
06-Jul-21 | 03:13:55 - root - [ Now processing library LK_d6_1_1 ]
06-Jul-21 | 03:13:55 - root - [ Unfiltered library data path: /home/mvinyard/data/raw/weinreb_2020/fastqs/raw_downloaded/LK_d6_1_1.sorted.fastq.gz.1 ]
06-Jul-21 | 03:22:24 - root - [ Filtering complete for library LK_d6_1_1 Filtered data path: /home/mvinyard/data/raw/weinreb_2020/fastqs/filtered/LK_d6_1_1.LARRY.filtered_on_final.fastq ]
06-Jul-21 | 03:22:24 - root - [ Now processing library d4_2_1 ]
06-Jul-21 | 03:22:24 - root - [ Unfiltered library data path: /home/mvinyard/data/raw/weinreb_2020/fastqs/raw_downloaded/d4_2_1.sorted.fastq.gz.1 ]
06-Jul-21 | 03:31:18 - root - [ Filtering complete for library d4_2_1 Filtered data path: /home/mvinyard/data/raw/weinreb_2020/fastqs/filtered/d4_2_1.LARRY.filtered_on_final.fastq ]
06-Jul-21 | 03:31:18 - root - [ Now processing library LK_d6_2_2 ]
06-Jul-21 | 03:31:18 - root - [ Unfiltered library data path: /home/mvinyard/data/raw/weinreb_2020/fastqs/raw_downloaded/LK_d6_2_2.sorted.fastq.gz.1 ]
06-Jul-21 | 03:39:28 - root - [ Filtering complete for library LK_d6_2_2 Filtered data path: /home/mvinyard/data/raw/weinreb_2020/fastqs/filtered/LK_d6_2_2.LARRY.filtered_on_final.fastq ]
06-Jul-21 | 03:39:28 - root - [ Now processing library sFiV_d2_1 ]
06-Jul-21 | 03:39:28 - root - [ Unfiltered library data path: /home/mvinyard/data/raw/weinreb_2020/fastqs/raw_downloaded/sFiV_d2_1.sorted.fastq.gz.1 ]
06-Jul-21 | 03:58:16 - root - [ Filtering complete for library sFiV_d2_1 Filtered data path: /home/mvinyard/data/raw/weinreb_2020/fastqs/filtered/sFiV_d2_1.LARRY.filtered_on_final.fastq ]
06-Jul-21 | 03:58:16 - root - [ Now processing library d6_1_1 ]
06-Jul-21 | 03:58:16 - root - [ Unfiltered library data path: /home/mvinyard/data/raw/weinreb_2020/fastqs/raw_downloaded/d6_1_1.sorted.fastq.gz.1 ]
06-Jul-21 | 04:07:52 - root - [ Filtering complete for library d6_1_1 Filtered data path: /home/mvinyard/data/raw/weinreb_2020/fastqs/filtered/d6_1_1.LARRY.filtered_on_final.fastq ]
